Build started 18-6-2015 16:11:35.
     1>Project "C:\Users\Rens\Desktop\Win32Project3\Win32Project3\Win32Project3.vcxproj" on node 2 (Build target(s)).
     1>ClCompile:
         C:\Program Files (x86)\Microsoft Visual Studio 12.0\VC\bin\CL.exe /c /ZI /nologo /W3 /WX- /sdl /Od /Oy- /D WIN32 /D _DEBUG /D _WINDOWS /D _UNICODE /D UNICODE /Gm /EHsc /RTC1 /MDd /GS /fp:precise /Zc:wchar_t /Zc:forScope /Yu"stdafx.h" /Fp"Debug\Win32Project3.pch" /Fo"Debug\\" /Fd"Debug\vc120.pdb" /Gd /TP /analyze- /errorReport:prompt PixelData.cpp
         PixelData.cpp
     1>c:\users\rens\desktop\win32project3\win32project3\pixeldata.cpp(11): warning C4244: 'argument' : conversion from 'time_t' to 'unsigned int', possible loss of data
     1>c:\users\rens\desktop\win32project3\win32project3\pixeldata.cpp(45): warning C4244: 'initializing' : conversion from 'int' to 'float', possible loss of data
     1>c:\users\rens\desktop\win32project3\win32project3\pixeldata.cpp(56): warning C4244: 'argument' : conversion from 'time_t' to 'unsigned int', possible loss of data
     1>c:\users\rens\desktop\win32project3\win32project3\pixeldata.cpp(114): warning C4244: '=' : conversion from 'double' to 'char', possible loss of data
     1>c:\users\rens\desktop\win32project3\win32project3\pixeldata.cpp(116): warning C4244: '=' : conversion from 'double' to 'char', possible loss of data
     1>c:\users\rens\desktop\win32project3\win32project3\pixeldata.cpp(118): warning C4244: '=' : conversion from 'double' to 'char', possible loss of data
     1>c:\users\rens\desktop\win32project3\win32project3\pixeldata.cpp(214): warning C4244: '=' : conversion from 'double' to 'char', possible loss of data
     1>c:\users\rens\desktop\win32project3\win32project3\pixeldata.cpp(216): warning C4244: '=' : conversion from 'double' to 'char', possible loss of data
     1>c:\users\rens\desktop\win32project3\win32project3\pixeldata.cpp(218): warning C4244: '=' : conversion from 'double' to 'char', possible loss of data
     1>c:\users\rens\desktop\win32project3\win32project3\pixeldata.cpp(238): warning C4244: '=' : conversion from 'double' to 'char', possible loss of data
     1>c:\users\rens\desktop\win32project3\win32project3\pixeldata.cpp(240): warning C4244: '=' : conversion from 'double' to 'char', possible loss of data
     1>c:\users\rens\desktop\win32project3\win32project3\pixeldata.cpp(242): warning C4244: '=' : conversion from 'double' to 'char', possible loss of data
     1>c:\users\rens\desktop\win32project3\win32project3\pixeldata.cpp(262): warning C4244: '=' : conversion from 'double' to 'char', possible loss of data
     1>c:\users\rens\desktop\win32project3\win32project3\pixeldata.cpp(264): warning C4244: '=' : conversion from 'double' to 'char', possible loss of data
     1>c:\users\rens\desktop\win32project3\win32project3\pixeldata.cpp(266): warning C4244: '=' : conversion from 'double' to 'char', possible loss of data
     1>c:\users\rens\desktop\win32project3\win32project3\pixeldata.cpp(289): warning C4244: 'argument' : conversion from 'float' to 'int', possible loss of data
     1>c:\users\rens\desktop\win32project3\win32project3\pixeldata.cpp(290): warning C4244: 'argument' : conversion from 'float' to 'int', possible loss of data
     1>c:\users\rens\desktop\win32project3\win32project3\pixeldata.cpp(382): warning C4244: '=' : conversion from 'double' to 'int', possible loss of data
       Link:
         C:\Program Files (x86)\Microsoft Visual Studio 12.0\VC\bin\link.exe /ERRORREPORT:PROMPT /OUT:"C:\Users\Rens\Desktop\Win32Project3\Debug\Win32Project3.exe" /INCREMENTAL /NOLOGO kernel32.lib user32.lib gdi32.lib winspool.lib comdlg32.lib advapi32.lib shell32.lib ole32.lib oleaut32.lib uuid.lib odbc32.lib odbccp32.lib /MANIFEST /MANIFESTUAC:"level='asInvoker' uiAccess='false'" /manifest:embed /DEBUG /PDB:"C:\Users\Rens\Desktop\Win32Project3\Debug\Win32Project3.pdb" /SUBSYSTEM:WINDOWS /TLBID:1 /DYNAMICBASE /NXCOMPAT /IMPLIB:"C:\Users\Rens\Desktop\Win32Project3\Debug\Win32Project3.lib" /MACHINE:X86 Debug\Win32Project3.res
         Debug\Main.obj
         Debug\PixelData.obj
         Debug\stdafx.obj
         Debug\Win32Project3.obj
         Win32Project3.vcxproj -> C:\Users\Rens\Desktop\Win32Project3\Debug\Win32Project3.exe
     1>Done Building Project "C:\Users\Rens\Desktop\Win32Project3\Win32Project3\Win32Project3.vcxproj" (Build target(s)).

Build succeeded.

Time Elapsed 00:00:00.48
